<?xml version="1.0" encoding="UTF-8"?>
<!-- Generated by org.testng.reporters.JUnitReportReporter -->
<testsuite hostname="VictorWL" failures="0" tests="1" name="Qafox.TC_RF_004" time="11.393" errors="0" timestamp="2025-04-04T15:32:37 IST" skipped="0">
  <testcase classname="Qafox.TC_RF_004" name="verifyRegisteringAccountBySayingNoToNewsletter" time="11.393"/>
</testsuite> <!-- Qafox.TC_RF_004 -->
