<?xml version="1.0" encoding="UTF-8"?>
<!-- Generated by org.testng.reporters.JUnitReportReporter -->
<testsuite hostname="VictorWL" failures="0" tests="1" name="Qafox.TC_RF_003" time="5.871" errors="0" timestamp="2025-04-04T14:55:24 IST" skipped="0">
  <testcase classname="Qafox.TC_RF_003" name="verifyRegisteringAccountBySubscribingToNewsLetter" time="5.871"/>
</testsuite> <!-- Qafox.TC_RF_003 -->
