<?xml version="1.0" encoding="UTF-8"?>
<!-- Generated by org.testng.reporters.JUnitReportReporter -->
<testsuite hostname="VictorWL" failures="0" tests="1" name="Qafox.TC_RF_005" time="6.870" errors="0" timestamp="2025-04-04T16:06:07 IST" skipped="0">
  <testcase classname="Qafox.TC_RF_005" name="verifyNavigatingToRegisterAccountUsingMultipleWay" time="6.870"/>
</testsuite> <!-- Qafox.TC_RF_005 -->
