<?xml version="1.0" encoding="UTF-8"?>
<!-- Generated by org.testng.reporters.JUnitReportReporter -->
<testsuite hostname="VictorWL" failures="0" tests="1" name="Qafox.TC_RF_002" time="3.481" errors="0" timestamp="2025-04-02T16:31:19 IST" skipped="0">
  <testcase classname="Qafox.TC_RF_002" name="verifyRegisteringAccountwithoutFillFields" time="3.481"/>
</testsuite> <!-- Qafox.TC_RF_002 -->
