<?xml version="1.0" encoding="UTF-8"?>
<!-- Generated by org.testng.reporters.JUnitReportReporter -->
<testsuite hostname="PrathameshWL" failures="0" tests="1" name="Qafox.Pass" time="26.929" errors="0" timestamp="2025-04-19T00:49:44 IST" skipped="0">
  <testcase classname="Qafox.Pass" name="copypassandpastetootherpage" time="26.929"/>
</testsuite> <!-- Qafox.Pass -->
