<?xml version="1.0" encoding="UTF-8"?>
<!-- Generated by org.testng.reporters.JUnitReportReporter -->
<testsuite hostname="VictorWL" failures="0" tests="1" name="Qafox.Pass" time="17.832" errors="0" timestamp="2025-04-14T19:20:28 IST" skipped="0">
  <testcase classname="Qafox.Pass" name="copypassandpastetootherpage" time="17.832"/>
</testsuite> <!-- Qafox.Pass -->
