<?xml version="1.0" encoding="UTF-8"?>
<!-- Generated by org.testng.reporters.JUnitReportReporter -->
<testsuite hostname="VictorWL" failures="0" tests="1" name="Qafox.TC_RF_001" time="28.755" errors="0" timestamp="2025-04-01T16:59:43 IST" skipped="0">
  <testcase classname="Qafox.TC_RF_001" name="verifyRegisteringWithMandatoryFields" time="28.755"/>
</testsuite> <!-- Qafox.TC_RF_001 -->
