<?xml version="1.0" encoding="UTF-8"?>
<!-- Generated by org.testng.reporters.JUnitReportReporter -->
<testsuite hostname="VictorWL" failures="0" tests="1" name="Qafox.TC_RF_006" time="4.462" errors="0" timestamp="2025-04-04T18:59:19 IST" skipped="0">
  <testcase classname="Qafox.TC_RF_006" name="verifyRegisterAccountByProvidingMismatchPasswords" time="4.462"/>
</testsuite> <!-- Qafox.TC_RF_006 -->
